[   .000000] Initializing cgroup subsys cpuset
[    0.000000] Initializing cgroup subsys cpu
[   .000000] Initializing cgroup subsys cpuacct
[    0.000000] Linux version 4.4.0-138-generic (buildd@lcy01-amd64-006) (gcc version 5.4.0 20160609 (Ubuntu 5.4.0-6ubuntu1~16.04.10) ) #164-Ubuntu SMP Tue Oct 2 17:16:02 UTC 2018 (Ubuntu 4.4.0-138.164-generic 4.4.155)
[    0.000000] Command line: BOOT_IMAGE=/boot/vmlinuz-4.4.0-138-generic root=LABEL=cloudimg-rootfs ro console=tty1 console=ttyS0
[    0.000000] KERNEL supported cpus:
[    0.000000]   Intel GenuineIntel
[    0.000000]   AMD AuthenticAMD
[    0.000000]   Centaur CentaurHauls
[    0.000000] x86/fpu: xstate_offset[2]:  576, xstate_sizes[2]:  256
[    0.000000] x86/fpu: Supporting XSAVE feature 0x01: 'x87 floating point registers'
[    0.000000] x86/fpu: Supporting XSAVE feature 0x02: 'SSE registers'
[    0.000000] x86/fpu: Supporting XSAVE feature 0x04: 'AVX registers'
[    0.000000] x86/fpu: Enabled xstate features 0x7, context size is 832 bytes, using 'standard' format.
[    0.000000] e820: BIOS-provided physical RAM map:
[    0.000000] BIOS-e820: [mem 0x0000000000000000-0x000000000009fbff] usable
[    0.000000] BIOS-e820: [mem 0x000000000009fc00-0x000000000009ffff] reserved
[    0.000000] BIOS-e820: [mem 0x00000000000f0000-0x00000000000fffff] reserved
[    0.000000] BIOS-e820: [mem 0x0000000000100000-0x000000003ffeffff] usable
[    0.000000] BIOS-e820: [mem 0x000000003fff0000-0x000000003fffffff] ACPI data
[    0.000000] BIOS-e820: [mem 0x00000000fec00000-0x00000000fec00fff] reserved
[    0.000000] BIOS-e820: [mem 0x00000000fee00000-0x00000000fee00fff] reserved
[    0.000000] BIOS-e820: [mem 0x00000000fffc0000-0x00000000ffffffff] reserved
[    0.000000] NX (Execute Disable) protection: active
[    0.000000] SMBIOS 2.5 present.
[    0.000000] Hypervisor detected: KVM
[    0.000000] e820: last_pfn = 0x3fff0 max_arch_pfn = 0x400000000
[    0.000000] MTRR: Disabled
[    0.000000] x86/PAT: MTRRs disabled, skipping PAT initialization too.
[    0.000000] CPU MTRRs all blank - virtualized system.
[    0.000000] x86/PAT: Configuration [0-7]: WB  WT  UC- UC  WB  WT  UC- UC  
[    0.000000] found SMP MP-table at [mem 0x0009fff0-0x0009ffff] mapped at [ffff88000009fff0]
[    0.000000] Scanning 1 areas for low memory corruption
[    0.000000] RAMDISK: [mem 0x3630c000-0x3717dfff]
[    0.000000] ACPI: Early table checksum verification disabled
[    0.000000] ACPI: RSDP 0x00000000000E0000 000024 (v02 VBOX  )
[    0.000000] ACPI: XSDT 0x000000003FFF0030 00003C (v01 VBOX   VBOXXSDT 00000001 ASL  00000061)
[    0.000000] ACPI: FACP 0x000000003FFF00F0 0000F4 (v04 VBOX   VBOXFACP 00000001 ASL  00000061)
[    0.000000] ACPI: DSDT 0x000000003FFF0470 0021FF (v02 VBOX   VBOXBIOS 00000002 INTL 20100528)
[    0.000000] ACPI: FACS 0x000000003FFF0200 000040
[    0.000000] ACPI: FACS 0x000000003FFF0200 000040
[    0.000000] ACPI: APIC 0x000000003FFF0240 00005C (v02 VBOX   VBOXAPIC 00000001 ASL  00000061)
[    0.000000] ACPI: SSDT 0x000000003FFF02A0 0001CC (v01 VBOX   VBOXCPUT 00000002 INTL 20100528)
[    0.000000] No NUMA configuration found
[    0.000000] Faking a node at [mem 0x0000000000000000-0x000000003ffeffff]
[    0.000000] NODE_DATA(0) allocated [mem 0x3ffeb000-0x3ffeffff]
[    0.000000] kvm-clock: Using msrs 4b564d01 and 4b564d00
[    0.000000] kvm-clock: cpu 0, msr 0:3ffe3001, primary cpu clock
[    0.000000] kvm-clock: using sched offset of 4904484484 cycles
[    0.000000] clocksource: kvm-clock: mask: 0xffffffffffffffff max_cycles: 0x1cd42e4dffb, max_idle_ns: 881590591483 ns
[    0.000000] Zone ranges:
[    0.000000]   DMA      [mem 0x0000000000001000-0x0000000000ffffff]
[    0.000000]   DMA32    [mem 0x0000000001000000-0x000000003ffeffff]
[    0.000000]   Normal   empty
[    0.000000]   Device   empty
[    0.000000] Movable zone start for each node
[    0.000000] Early memory node ranges
[    0.000000]   node   0: [mem 0x0000000000001000-0x000000000009efff]
[    0.000000]   node   0: [mem 0x0000000000100000-0x000000003ffeffff]
[    0.000000] Initmem setup node 0 [mem 0x0000000000001000-0x000000003ffeffff]
[    0.000000] ACPI: PM-Timer IO Port: 0x4008
[    0.000000] IOAPIC[0]: apic_id 2, version 32, address 0xfec00000, GSI 0-23
[    0.000000] ACPI: INT_SRC_OVR (bus 0 bus_irq 0 global_irq 2 dfl dfl)
[    0.000000] ACPI: INT_SRC_OVR (bus 0 bus_irq 9 global_irq 9 low level)
[    0.000000] Using ACPI (MADT) for SMP configuration information
[    0.000000] smpboot: Allowing 2 CPUs, 0 hotplug CPUs
[    0.000000] PM: Registered nosave memory: [mem 0x00000000-0x00000fff]
[    0.000000] PM: Registered nosave memory: [mem 0x0009f000-0x0009ffff]
[    0.000000] PM: Registered nosave memory: [mem 0x000a0000-0x000effff]
[    0.000000] PM: Registered nosave memory: [mem 0x000f0000-0x000fffff]
[    0.000000] e820: [mem 0x40000000-0xfebfffff] available for PCI devices
[    0.000000] Booting paravirtualized kernel on KVM
[    0.000000] clocksource: refined-jiffies: mask: 0xffffffff max_cycles: 0xffffffff, max_idle_ns: 7645519600211568 ns
[    0.000000] setup_percpu: NR_CPUS:512 nr_cpumask_bits:512 nr_cpu_ids:2 nr_node_ids:1
[    0.000000] PERCPU: Embedded 34 pages/cpu @ffff88003fc00000 s99608 r8192 d31464 u1048576
[    0.000000] PV qspinlock hash table entries: 256 (order: 0, 4096 bytes)
[    0.000000] Built 1 zonelists in Node order, mobility grouping on.  Total pages: 257912
[    0.000000] Policy zone: DMA32
[    0.000000] Kernel command line: BOOT_IMAGE=/boot/vmlinuz-4.4.0-138-generic root=LABEL=cloudimg-rootfs ro console=tty1 console=ttyS0
[    0.000000] PID hash table entries: 4096 (order: 3, 32768 bytes)
[    0.000000] Memory: 997712K/1048120K available (8563K kernel code, 1314K rwdata, 4004K rodata, 1528K init, 1316K bss, 50408K reserved, 0K cma-reserved)
[    0.000000] SLUB: HWalign=64, Order=0-3, MinObjects=0, CPUs=2, Nodes=1
[    0.000000] Kernel/User page tables isolation: enabled
[    0.000000] Hierarchical RCU implementation.
[    0.000000] 	Build-time adjustment of leaf fanout to 64.
[    0.000000] 	RCU restricting CPUs from NR_CPUS=512 to nr_cpu_ids=2.
[    0.000000] RCU: Adjusting geometry for rcu_fanout_leaf=64, nr_cpu_ids=2
[    0.000000] NR_IRQS:33024 nr_irqs:440 16
[    0.000000] Console: colour VGA+ 80x25
[    0.000000] console [tty1] enabled
[    0.000000] console [ttyS0] enabled
[   0.000000] tsc: Detected 2494.316 MHz processor
[    0.389898] Calibrating delay loop (skipped) preset value.. 4988.63 BogoMIPS (lpj=9977264)
[    0.411189] pid_max: default: 32768 minimum: 301
[    0.414784] ACPI: Core revision 20150930
[    0.419310] ACPI: 2 ACPI AML tables successfully acquired and loaded
[    0.426889] Security Framework initialized
[    0.428678] Yama: becoming mindful.
[    0.430244] AppArmor: AppArmor initialized
[    0.434386] Dentry cache hash table entries: 131072 (order: 8, 1048576 bytes)
[    0.441620] Inode-cache hash table entries: 65536 (order: 7, 524288 bytes)
[    0.447538] Mount-cache hash table entries: 2048 (order: 2, 16384 bytes)
[    0.451866] Mountpoint-cache hash table entries: 2048 (order: 2, 16384 bytes)
[    0.455975] Initializing cgroup subsys io
[    0.458882] Initializing cgroup subsys memory
[    0.463124] Initializing cgroup subsys devices
[    0.467486] Initializing cgroup subsys freezer
[    0.471840] Initializing cgroup subsys net_cls
[    0.475864] Initializing cgroup subsys perf_event
[    0.479271] Initializing cgroup subsys net_prio
[    0.482422] Initializing cgroup subsys hugetlb
[    0.486822] Initializing cgroup subsys pids
[    0.491005] mce: CPU supports 0 MCE banks
[    0.494914] Last level iTLB entries: 4KB 512, 2MB 8, 4MB 8
[    0.499275] Last level dTLB entries: 4KB 512, 2MB 32, 4MB 32, 1GB 0
[    0.503852] Spectre V2 : Mitigation: Full generic retpoline
[    0.507792] Spectre V2 : Spectre v2 mitigation: Speculation control IBPB not-supported IBRS not-supported
[    0.514860] Spectre V2 : Spectre v2 / SpectreRSB mitigation: Filling RSB on context switch
[    0.519915] Speculative Store Bypass: Vulnerable
[    0.526020] Freeing SMP alternatives memory: 32K
[    0.538460] ftrace: allocating 32278 entries in 127 pages
[    0.610492] smpboot: APIC(0) Converting physical 0 to logical package 0
[    0.616571] smpboot: Max logical packages: 1
[    0.618764] x2apic enabled
[    0.622448] Switched APIC routing to physical x2apic.
[    0.625880] ..TIMER: vector=0x30 apic1=0 pin1=2 apic2=-1 pin2=-1
[    0.733159] smpboot: CPU0: Intel(R) Core(TM) i5-3210M CPU @ 2.50GHz (family: 0x6, model: 0x3a, stepping: 0x9)
[    0.742119] Performance Events: unsupported p6 CPU model 58 no PMU driver, software events only.
[    0.747080] KVM setup paravirtual spinlock
[    0.751846] x86: Booting SMP configuration:
[    0.755440] .... node  #0, CPUs:      #1
[    0.757757] kvm-clock: cpu 1, msr 0:3ffe3041, secondary cpu clock
[    0.761313] mce: CPU supports 0 MCE banks
[    0.765266] x86: Booted up 1 node, 2 CPUs
[    0.767342] smpboot: Total of 2 processors activated (9977.26 BogoMIPS)
[    0.770743] devtmpfs: initialized
[    0.776740] evm: security.selinux
[    0.778313] evm: security.SMACK64
[    0.782713] evm: security.SMACK64EXEC
[    0.787332] evm: security.SMACK64TRANSMUTE
[    0.790294] evm: security.SMACK64MMAP
[    0.794929] evm: security.ima
[    0.797853] evm: security.capability
[    0.799666] clocksource: jiffies: mask: 0xffffffff max_cycles: 0xffffffff, max_idle_ns: 7645041785100000 ns
[    0.803681] futex hash table entries: 512 (order: 3, 32768 bytes)
[    0.808485] pinctrl core: initialized pinctrl subsystem
[    0.810828] RTC time:  5:54:34, date: 11/01/18
[    0.815258] NET: Registered protocol family 16
[    0.829831] cpuidle: using governor ladder
[    0.842225] cpuidle: using governor menu
[    0.843998] PCCT header not found.
[    0.846825] ACPI: bus type PCI registered
[    0.848539] acpiphp: ACPI Hot Plug PCI Controller Driver version: 0.5
[    0.852442] PCI: Using configuration type 1 for base access
[    0.866583] ACPI: Added _OSI(Module Device)
[    0.868435] ACPI: Added _OSI(Processor Device)
[    0.870401] ACPI: Added _OSI(3.0 _SCP Extensions)
[    0.872383] ACPI: Added _OSI(Processor Aggregator Device)
[    0.875751] ACPI: Executed 1 blocks of module-level executable AML code
[    0.886192] ACPI: Interpreter enabled
[    0.889590] ACPI: (supports S0 S5)
[    0.894980] ACPI: Using IOAPIC for interrupt routing
[    0.899330] PCI: Using host bridge windows from ACPI; if necessary, use "pci=nocrs" and report a bug
[    0.912104] ACPI: PCI Root Bridge [PCI0] (domain 0000 [bus 00-ff])
[    0.916098] acpi PNP0A03:00: _OSC: OS supports [ASPM ClockPM Segments MSI]
[    0.919976] acpi PNP0A03:00: _OSC: not requesting OS control; OS requires [ExtendedConfig ASPM ClockPM MSI]
[    0.925601] acpi PNP0A03:00: fail to add MMCONFIG information, can't access extended PCI configuration space under this bridge.
[    0.936228] PCI host bridge to bus 0000:00
[    0.938659] pci_bus 0000:00: root bus resource [io  0x0000-0x0cf7 window]
[    0.941662] pci_bus 0000:00: root bus resource [io  0x0d00-0xffff window]
[    0.944494] pci_bus 0000:00: root bus resource [mem 0x000a0000-0x000bffff window]
[    0.947905] pci_bus 0000:00: root bus resource [mem 0x40000000-0xfdffffff window]
[    0.951205] pci_bus 0000:00: root bus resource [bus 00-ff]
[    0.958551] pci 0000:00:01.1: legacy IDE quirk: reg 0x10: [io  0x01f0-0x01f7]
[    0.961464] pci 0000:00:01.1: legacy IDE quirk: reg 0x14: [io  0x03f6]
[    0.964181] pci 0000:00:01.1: legacy IDE quirk: reg 0x18: [io  0x0170-0x0177]
[    0.967112] pci 0000:00:01.1: legacy IDE quirk: reg 0x1c: [io  0x0376]
[    1.034985] pci 0000:00:07.0: quirk: [io  0x4000-0x403f] claimed by PIIX4 ACPI
[    1.043113] pci 0000:00:07.0: quirk: [io  0x4100-0x410f] claimed by PIIX4 SMB
[    1.071958] ACPI: PCI Interrupt Link [LNKA] (IRQs 5 9 10 *11)
[    1.080881] ACPI: PCI Interrupt Link [LNKB] (IRQs 5 9 *10 11)
[    1.087876] ACPI: PCI Interrupt Link [LNKC] (IRQs 5 *9 10 11)
[    1.092130] ACPI: PCI Interrupt Link [LNKD] (IRQs 5 9 10 *11)
[    1.096427] ACPI: Enabled 2 GPEs in block 00 to 07
[    1.100032] vgaarb: setting as boot device: PCI:0000:00:02.0
[    1.104015] vgaarb: device added: PCI:0000:00:02.0,decodes=io+mem,owns=io+mem,locks=none
[    1.108709] vgaarb: loaded
[    1.110126] vgaarb: bridge control possible 0000:00:02.0
[    1.113551] SCSI subsystem initialized
[    1.116333] ACPI: bus type USB registered
[    1.118900] usbcore: registered new interface driver usbfs
[    1.128193] usbcore: registered new interface driver hub
[    1.130760] usbcore: registered new device driver usb
[    1.159895] PCI: Using ACPI for IRQ routing
[    1.166514] NetLabel: Initializing
[    1.170291] NetLabel:  domain hash size = 128
[    1.207924] NetLabel:  protocols = UNLABELED CIPSOv4
[    1.223751] NetLabel:  unlabeled traffic allowed by default
[    1.245870] amd_nb: Cannot enumerate AMD northbridges
[    1.254446] clocksource: Switched to clocksource kvm-clock
[    1.266580] AppArmor: AppArmor Filesystem Enabled
[   .2381]pn: nPACI ni
   1.5628] np: PnP ACPI: found 3 devices

[   1.710234] clocksource: acpi_pm: mask: 0xffffff max_cycles: 0xffffff, max_idle_ns: 2085701024 ns
[   .7012]NET: Registered protocol family 2

[    1.872124] TCP established hash table entries: 8192 (order: 4, 65536 bytes)
[    1.874935] TCP bind hash table entries: 8192 (order: 5, 131072 bytes)
[   1.877548] TCP: Hash tables configured (established 8192 bind 8192)
[    1.90575]UD hash table entries: 512 (order: 2, 16384 bytes)
[    1.987132] UDP-Lite hash table entries: 512 (order: 2, 16384 bytes)
[   .99872] NET: Registered protocol family 1
[   2.088424] pci 0000:00:00.0: Limiting direct PCI/PCI transfers
[    2.115631] pci 0000:00:01.0: Activating ISA DMA hang workarounds
[    2.118512] Unpacking initramfs...

[   2.417622] Freeing initrd memory: 14792K
[   .4600]RAL MUdeeced API unit is 2^-32 Joules, 3 fixed counters 10737418240 ms ovfl timer
[    2.732550] hw unit of domain pp0-core 2^-0 Joules

[    2.735107] hw unit of domain package 2^-0 Joules
[    2.737173] hw unit of domain pp1-gpu 2^-0 Joules
[    2.739300] platform rtc_cmos: registered platform RTC device (no PNP device found)
[    2.742644] Scanning for low memory corruption every 60 seconds
[    2.746103] audit: initializing netlink subsys (disabled)
[    2.749529] audit: type=2000 audit(1541051682.166:1): initialized
[    2.752334] Initialise system trusted keyring
[    2.757063] HugeTLB registered 2 MB page size, pre-allocated 0 pages
[    2.761051] zbud: loaded
[    2.764467] VFS: Disk quotas dquot_6.6.0
[    2.768355] VFS: Dquot-cache hash table entries: 512 (order 0, 4096 bytes)
[    2.773833] squashfs: version 4.0 (2009/01/31) Phillip Lougher
[    2.777941] fuse init (API version 7.23)
[    2.780033] Key type big_key registered
[    2.784445] Allocating IMA MOK and blacklist keyrings.
[    2.789251] Key type asymmetric registered
[    2.791070] Asymmetric key parser 'x509' registered
[    2.793129] Block layer SCSI generic (bsg) driver version 0.4 loaded (major 249)
[    2.796770] io scheduler noop registered
[    2.798518] io scheduler deadline registered (default)
[    2.800742] io scheduler cfq registered
[    2.804670] pci_hotplug: PCI Hot Plug PCI Core version: 0.5
[    2.809138] pciehp: PCI Express Hot Plug Controller Driver version: 0.4
[    2.813707] ACPI: AC Adapter [AC] (off-line)
[    2.816761] input: Power Button as /devices/LNXSYSTM:00/LNXPWRBN:00/input/input0
[    2.821284] ACPI: Power Button [PWRF]
[    2.825953] input: Sleep Button as /devices/LNXSYSTM:00/LNXSLPBN:00/input/input1
[    2.829236] ACPI: Sleep Button [SLPF]
[    2.836677] GHES: HEST is not enabled!
[    2.838743] ACPI: Battery Slot [BAT0] (battery present)
[    2.845396] Serial: 8250/16550 driver, 32 ports, IRQ sharing enabled
[    2.876560] 00:02: ttyS0 at I/O 0x3f8 (irq = 4, base_baud = 115200) is a 16550A
[    2.886534] Linux agpgart interface v0.103
[    2.892022] loop: module loaded
[    2.894548] scsi host0: ata_piix
[    2.896385] scsi host1: ata_piix
[    2.897894] ata1: PATA max UDMA/33 cmd 0x1f0 ctl 0x3f6 bmdma 0xd000 irq 14
[    2.901186] ata2: PATA max UDMA/33 cmd 0x170 ctl 0x376 bmdma 0xd008 irq 15
[    2.906041] libphy: Fixed MDIO Bus: probed
[    2.910022] tun: Universal TUN/TAP device driver, 1.6
[    2.912286] tun: (C) 1999-2004 Max Krasnyansky <maxk@qualcomm.com>
[    2.915564] PPP generic driver version 2.4.2
[    2.917703] ehci_hcd: USB 2.0 'Enhanced' Host Controller (EHCI) Driver
[    2.920420] ehci-pci: EHCI PCI platform driver
[    2.923464] ehci-platform: EHCI generic platform driver
[    2.926280] ohci_hcd: USB 1.1 'Open' Host Controller (OHCI) Driver
[    2.929854] ohci-pci: OHCI PCI platform driver
[    2.932934] ohci-platform: OHCI generic platform driver
[    2.935233] uhci_hcd: USB Universal Host Controller Interface driver
[    2.945073] i8042: PNP: PS/2 Controller [PNP0303:PS2K,PNP0f03:PS2M] at 0x60,0x64 irq 1,12
[    2.956728] serio: i8042 KBD port at 0x60,0x64 irq 1
[    2.960958] serio: i8042 AUX port at 0x60,0x64 irq 12
[    2.965276] mousedev: PS/2 mouse device common for all mice
[    2.968246] input: AT Translated Set 2 keyboard as /devices/platform/i8042/serio0/input/input2
[    2.973288] rtc_cmos rtc_cmos: rtc core: registered rtc_cmos as rtc0
[    2.977211] rtc_cmos rtc_cmos: alarms up to one day, 114 bytes nvram
[    2.981399] i2c /dev entries driver
[    2.984509] device-mapper: uevent: version 1.0.3
[    2.988964] device-mapper: ioctl: 4.34.0-ioctl (2015-10-28) initialised: dm-devel@redhat.com
[    2.992552] ledtrig-cpu: registered to indicate activity on CPUs
[    2.998226] NET: Registered protocol family 10
[    3.000579] NET: Registered protocol family 17
[    3.002778] Key type dns_resolver registered
[    3.006466] registered taskstats version 1
[    3.008272] Loading compiled-in X.509 certificates
[    3.011481] Loaded X.509 cert 'Build time autogenerated kernel key: 9a104bc44b81e9426fe5c715e47d021d02d69eba'
[    3.015674] zswap: loaded using pool lzo/zbud
[    3.020712] Key type trusted registered
[    3.027409] Key type encrypted registered
[    3.029447] AppArmor: AppArmor sha1 policy hashing enabled
[    3.032149] ima: No TPM chip found, activating TPM-bypass!
[    3.037802] ima: Allocated hash algorithm: sha1
[    3.040844] evm: HMAC attrs: 0x1
[    3.045013]   Magic number: 10:523:920
[    3.048439] rtc_cmos rtc_cmos: setting system clock to 2018-11-01 05:54:36 UTC (1541051676)
[    3.053212] BIOS EDD facility v0.16 2004-Jun-25, 0 devices found
[    3.056677] EDD information not available.
[    3.068315] Freeing unused kernel memory: 1528K
[    3.078955] Write protecting the kernel read-only data: 14336k
[    3.082112] Freeing unused kernel memory: 1664K
[    3.085021] Freeing unused kernel memory: 92K
Loading, please wait...
starting version 229
[    3.105301] random: systemd-udevd: uninitialized urandom read (16 bytes read, 3 bits of entropy available)
[    3.105752] random: udevadm: uninitialized urandom read (16 bytes read, 3 bits of entropy available)
[    3.105791] random: udevadm: uninitialized urandom read (16 bytes read, 3 bits of entropy available)
[    3.120556] random: udevadm: uninitialized urandom read (16 bytes read, 3 bits of entropy available)
[    3.120606] random: udevadm: uninitialized urandom read (16 bytes read, 3 bits of entropy available)
[    3.120774] random: udevadm: uninitialized urandom read (16 bytes read, 3 bits of entropy available)
[    3.120837] random: udevadm: uninitialized urandom read (16 bytes read, 3 bits of entropy available)
[    3.120902] random: udevadm: uninitialized urandom read (16 bytes read, 3 bits of entropy available)
[    3.120965] random: udevadm: uninitialized urandom read (16 bytes read, 3 bits of entropy available)
[    3.121026] random: udevadm: uninitialized urandom read (16 bytes read, 3 bits of entropy available)
[    3.213490] Fusion MPT base driver 3.04.20
[    3.216302] Copyright (c) 1999-2008 LSI Corporation
[    3.228064] e1000: Intel(R) PRO/1000 Network Driver - version 7.3.21-k8-NAPI
[    3.239649] e1000: Copyright (c) 1999-2006 Intel Corporation.
[    3.261441] Fusion MPT SPI Host driver 3.04.20
[    3.289827] AVX version of gcm_enc/dec engaged.
[    3.298250] AES CTR mode by8 optimization enabled
[    3.464757] input: ImExPS/2 Generic Explorer Mouse as /devices/platform/i8042/serio1/input/input4
[    3.742127] tsc: Refined TSC clocksource calibration: 2494.422 MHz
[    3.744816] clocksource: tsc: mask: 0xffffffffffffffff max_cycles: 0x23f4a4796ae, max_idle_ns: 440795232642 ns
[    3.813748] e1000 0000:00:03.0 eth0: (PCI:33MHz:32-bit) 02:20:a7:f8:0a:b5
[    3.819084] e1000 0000:00:03.0 eth0: Intel(R) PRO/1000 Network Connection
[    3.824566] mptbase: ioc0: Initiating bringup
[    3.825357] e1000 0000:00:03.0 enp0s3: renamed from eth0
[    4.053485] ioc0: LSI53C1030 A0: Capabilities={Initiator}
[    4.489429] scsi host2: ioc0: LSI53C1030 A0, FwRev=00000000h, Ports=1, MaxQ=256, IRQ=20
[    4.906321] scsi 2:0:0:0: Direct-Access     VBOX     HARDDISK         1.0  PQ: 0 ANSI: 5
[    4.910947] scsi target2:0:0: Beginning Domain Validation
[    4.915745] scsi target2:0:0: Domain Validation skipping write tests
[    4.918711] scsi target2:0:0: Ending Domain Validation
[    4.921160] scsi target2:0:0: asynchronous
[    4.936474] scsi 2:0:1:0: Direct-Access     VBOX     HARDDISK         1.0  PQ: 0 ANSI: 5
[    4.939871] scsi target2:0:1: Beginning Domain Validation
[    5.083324] scsi target2:0:1: Domain Validation skipping write tests
[    5.086698] scsi target2:0:1: Ending Domain Validation
[    5.088920] scsi target2:0:1: asynchronous
[    5.101890] sd 2:0:0:0: Attached scsi generic sg0 type 0
[    5.104515] sd 2:0:0:0: [sda] 20971520 512-byte logical blocks: (10.7 GB/10.0 GiB)
[    5.110354] sd 2:0:1:0: Attached scsi generic sg1 type 0
[    5.112828] sd 2:0:1:0: [sdb] 20480 512-byte logical blocks: (10.5 MB/10.0 MiB)
[    5.129850] sd 2:0:1:0: [sdb] Write Protect is off
[    5.133720] sd 2:0:0:0: [sda] Write Protect is off
[    5.136174] sd 2:0:1:0: [sdb] Incomplete mode parameter data
[    5.141644] sd 2:0:1:0: [sdb] Assuming drive cache: write through
[    5.141709] sd 2:0:0:0: [sda] Incomplete mode parameter data
[    5.141712] sd 2:0:0:0: [sda] Assuming drive cache: write through
[    5.146246]  sda: sda1
[    5.147762] sd 2:0:0:0: [sda] Attached SCSI disk
[    5.164311] sd 2:0:1:0: [sdb] Attached SCSI disk
Begin: Loading e[    6.701773] md: linear personality registered for level -1
ssential drivers ... [    6.733091] md: multipath personality registered for level -4
[    6.744258] md: raid0 personality registered for level 0
[    6.753966] md: raid1 personality registered for level 1
[    6.831157] raid6: sse2x1   gen()  6751 MB/s
[    6.906741] raid6: sse2x1   xor()  1650 MB/s
[    6.986724] raid6: sse2x2   gen()  7285 MB/s
[    7.055008] raid6: sse2x2   xor()  6422 MB/s
[    7.122628] raid6: sse2x4   gen() 11539 MB/s
[    7.190659] raid6: sse2x4   xor()  8037 MB/s
[    7.193253] raid6: using algorithm sse2x4 gen() 11539 MB/s
[    7.198399] raid6: .... xor() 8037 MB/s, rmw enabled
[    7.201102] raid6: using ssse3x2 recovery algorithm
[    7.205027] xor: automatically using best checksumming function:
[    7.246791]    avx       : 17331.000 MB/sec
[    7.250745] async_tx: api initialized (async)
[    7.265454] md: raid6 personality registered for level 6
[    7.268839] md: raid5 personality registered for level 5
[    7.273198] md: raid4 personality registered for level 4
[    7.283276] md: raid10 personality registered for level 10
done.
Begin: Running /scripts/init-premount ... done.
Begin: Mounting root file system ... Begin: Running /scripts/local-top ... done.
Begin: Running /scripts/local-premount ... [    7.333211] Btrfs loaded
Scanning for Btrfs filesystems
done.
Warning: fsck not present, so skipping root file system
[    7.380699] EXT4-fs (sda1): INFO: recovery required on readonly filesystem
[    7.383561] EXT4-fs (sda1): write access will be enabled during recovery
[    7.702059] EXT4-fs (sda1): recovery complete
[    7.706254] EXT4-fs (sda1): mounted filesystem with ordered data mode. Opts: (null)
done.
Begin: Running /scripts/local-bottom ... done.
Begin: Running /scripts/init-bottom ... done.
[    7.913625] systemd[1]: systemd 229 running in system mode. (+PAM +AUDIT +SELINUX +IMA +APPARMOR +SMACK +SYSVINIT +UTMP +LIBCRYPTSETUP +GCRYPT +GNUTLS +ACL +XZ -LZ4 +SECCOMP +BLKID +ELFUTILS +KMOD -IDN)
[    7.923655] systemd[1]: Detected virtualization oracle.
[    7.929633] systemd[1]: Detected architecture x86-64.

Welcome to [1mUbuntu 16.04.5 LTS[0m!

[    7.940864] systemd[1]: Set hostname to <ubuntu-xenial>.
[    8.225440] systemd[1]: Listening on Journal Socket (/dev/log).
[[0;32m  OK  [0m] Listening on Journal Socket (/dev/log).
[    8.239333] systemd[1]: Set up automount Arbitrary Executable File Formats File System Automount Point.
[[0;32m  OK  [0m] Set up automount Arbitrary Executab...ats File System Automount Point.
[    8.255402] systemd[1]: Reached target Swap.
[[0;32m  OK  [0m] Reached target Swap.
[    8.268695] systemd[1]: Listening on Journal Audit Socket.
[[0;32m  OK  [0m] Listening on Journal Audit Socket.
[    8.275465] systemd[1]: Reached target System Time Synchronized.
[[0;32m  OK  [0m] Reached target System Time Synchronized.
[    8.283718] systemd[1]: Listening on Syslog Socket.
[[0;32m  OK  [0m] Listening on Syslog Socket.
[    8.290423] systemd[1]: Started Trigger resolvconf update for networkd DNS.
[[0;32m  OK  [0m] Started Trigger resolvconf update for networkd DNS.
[    8.303353] systemd[1]: Listening on Device-mapper event daemon FIFOs.
[[0;32m  OK  [0m] Listening on Device-mapper event daemon FIFOs.
[    8.314477] systemd[1]: Listening on LVM2 metadata daemon socket.
[[0;32m  OK  [0m] Listening on LVM2 metadata daemon socket.
[    8.320284] systemd[1]: Listening on udev Control Socket.
[[0;32m  OK  [0m] Listening on udev Control Socket.
[    8.330847] systemd[1]: Reached target User and Group Name Lookups.
[[0;32m  OK  [0m] Reached target User and Group Name Lookups.
[    8.337789] systemd[1]: Created slice User and Session Slice.
[[0;32m  OK  [0m] Created slice User and Session Slice.
[    8.346980] systemd[1]: Listening on LVM2 poll daemon socket.
[[0;32m  OK  [0m] Listening on LVM2 poll daemon socket.
[    8.354646] systemd[1]: Listening on /dev/initctl Compatibility Named Pipe.
[[0;32m  OK  [0m] Listening on /dev/initctl Compatibility Named Pipe.
[    8.361500] systemd[1]: Started Forward Password Requests to Wall Directory Watch.
[[0;32m  OK  [0m] Started Forward Password Requests to Wall Directory Watch.
[    8.370474] systemd[1]: Reached target Encrypted Volumes.
[[0;32m  OK  [0m] Reached target Encrypted Volumes.
[    8.378658] systemd[1]: Listening on Journal Socket.
[[0;32m  OK  [0m] Listening on Journal Socket.
[    8.391250] systemd[1]: Listening on udev Kernel Socket.
[[0;32m  OK  [0m] Listening on udev Kernel Socket.
[    8.403866] systemd[1]: Created slice System Slice.
[[0;32m  OK  [0m] Created slice System Slice.
[    8.423355] systemd[1]: Starting Uncomplicated firewall...
         Starting Uncomplicated firewall...
[    8.433931] systemd[1]: Mounting Huge Pages File System...
         Mounting Huge Pages File System...
[    8.441949] systemd[1]: Starting Remount Root and Kernel File Systems...
         Starting Remount Root and Kernel File Systems...
[    8.452864] systemd[1]: Reached target Slices.
[[0;32m  OK  [0m] Reached target Slices.
[    8.461192] EXT4-fs (sda1): re-mounted. Opts: (null)
[    8.461222] systemd[1]: Starting Create list of required static device nodes for the current kernel...
         Starting Create list of required st... nodes for the current kernel...
[    8.475004] systemd[1]: Created slice system-serial\x2dgetty.slice.
[[0;32m  OK  [0m] Created slice system-serial\x2dgetty.slice.
[    8.484018] systemd[1]: Starting Nameserver information manager...
         Starting Nameserver information manager...
[    8.491804] systemd[1]: Starting Monitoring of LVM2 mirrors, snapshots etc. using dmeventd or progress polling...
         Starting Monitoring of LVM2 mirrors... dmeventd or progress polling...
[    8.509733] systemd[1]: Starting Set console keymap...
         Starting Set console keymap...
[    8.517468] systemd[1]: Starting Journal Service...
         Starting Journal Service...
[    8.543371] systemd[1]: Mounting POSIX Message Queue File System...
         Mounting POSIX Message Queue File System...
[    8.563795] systemd[1]: Starting Load Kernel Modules...
         Starting Load Kernel Modules...
[    8.575830] Loading iSCSI transport class v2.0-870.
[    8.576138] systemd[1]: Mounting Debug File System...
         Mounting Debug File System...
[    8.588901] systemd[1]: Mounted Huge Pages File System.
[[0;32m  OK  [0m] Mounted Huge Pages File System.
[    8.599198] systemd[1]: Mounted POSIX Message Queue File System.
[[0;32m  OK  [0m] Mounted POSIX Message Queue File System.[    8.607820] iscsi: registered transport (tcp)

[    8.612980] systemd[1]: Mounted Debug File System.
[[0;32m  OK  [0m] Mounted Debug File System.
[    8.619920] systemd[1]: Started Journal Service.
[[0;32m  OK  [0m] Started Journal Service.
[[0;32m  OK  [0m] Started Uncomplicated firewall.
[[0;32m  OK  [0m] Started Remount Root and Kernel File Systems.
[[0;32m  OK  [0m] Started Create list of required sta...ce nodes for the current kernel.
[[0;32m  OK  [0m] [    8.658216] iscsi: registered transport (iser)
Started Set console keymap.
[[0;32m  OK  [0m] Started Load Kernel Modules.
[[0;32m  OK  [0m] Started Nameserver information manager.
[    8.755613] random: nonblocking pool is initialized
[[0;32m  OK  [0m] Started LVM2 metadata daemon.
         Starting Apply Kernel Variables...
         Mounting FUSE Control File System...
         Starting Create Static Device Nodes in /dev...
         Starting udev Coldplug all Devices...
         Starting Load/Save Random Seed...
         Starting Flush Journal to Persistent Storage...
[[0;32m  OK  [0m] Mounted FUSE Control File System.
[[0;32m  OK  [0m] Started Apply Kernel Variables.
[[0;32m  OK  [0m] Started Create Static Device Nodes in /dev.
[[0;32m  OK  [0m] Started Load/Save Random Seed.
         Starting udev Kernel Device Manager...
[[0;32m  OK  [0m] Started Flush Journal to Persistent Storage.
[[0;32m  OK  [0m] Started udev Coldplug all Devices.
[[0;32m  OK  [0m] Started udev Kernel Device Manager.
[[0;32m  OK  [0m] Started Monitoring of LVM2 mirrors,...ng dmeventd or progress polling.
[[0;32m  OK  [0m] Reached target Local File Systems (Pre).
[[0;32m  OK  [0m] Reached target Local File Systems.
         Starting Create Volatile Files and Directories...
         Starting Initial cloud-init job (pre-networking)...
         Starting LSB: AppArmor initialization...
         Starting Set console font and keymap...
         Starting Tell Plymouth To Write Out Runtime Data...
[[0;32m  OK  [0m] Started Dispatch Password Requests to Console Directory Watch.
[[0;32m  OK  [0m] Started Create Volatile Files and Directories.
[[0;32m  OK  [0m] Started Tell Plymouth To Write Out Runtime Data.
         Starting Update UTMP about System Boot/Shutdown...
[[0;32m  OK  [0m] Started Update UTMP about System Boot/Shutdown.
[[0;32m  OK  [0m] Started LSB: AppArmor initialization.
[[0;32m  OK  [0m] Found device /dev/ttyS0.
[[0;32m  OK  [0m] Listening on Load/Save RF Kill Switch Status /dev/rfkill Watch.
[[0;32m  OK  [0m] Found device 82540EM Gigabit Ethern...r (PRO/1000 MT Desktop Adapter).
[   10.053533] cloud-init[473]: Cloud-init v. 18.4-0ubuntu1~16.04.2 running 'init-local' at Thu, 01 Nov 2018 05:54:43 +0000. Up 9.62 seconds.
[[0;32m  OK  [0m] Started Initial cloud-init job (pre-networking).
[[0;32m  OK  [0m] Reached target Network (Pre).
[[0;32m  OK  [0m] Started ifup for enp0s3.
         Starting Raise network interfaces...
[[0;32m  OK  [0m] Started Set console font and keymap.
[[0;32m  OK  [0m] Created slice system-getty.slice.
[[0;32m  OK  [0m] Started Raise network interfaces.
         Starting Initial cloud-init job (metadata service crawler)...
[[0;32m  OK  [0m] Reached target Network.
[   12.202323] cloud-init[949]: Cloud-init v. 18.4-0ubuntu1~16.04.2 running 'init' at Thu, 01 Nov 2018 05:54:45 +0000. Up 11.50 seconds.
[   12.241414] cloud-init[949]: ci-info: +++++++++++++++++++++++++++++++++++++Net device info++++++++++++++++++++++++++++++++++++++
[[0;32m  OK  [0m] Started Initial cloud-init job (metadata service crawler).
[   12.381322] cloud-init[949]: ci-info: +--------+------+---------------------------+---------------+--------+-------------------+
[[0;32m  OK  [0m] Reached target Network is Online.
[   12.439074] cloud-init[949]: ci-info: | Device |  Up  |          Address          |      Mask     | Scope  |     Hw-Address    |
[   12.489982]          Starting iSCSI initiator daemon (iscsid)...
[[0;32m  OK  [0m] Reached target Cloud-config availability.
cloud-init[949]: ci-info: +--------+------+---------------------------+---------------+--------+-------------------+
[   12.542129] [[0;32m  OK  [0m] Reached target System Initialization.
[[0;32m  OK  [0m] Listening on UUID daemon activation socket.
cloud-init[949]: ci-info: | enp0s3 | True |         10.0.2.15         | 255.255.255.0 | global | 02:20:a7:f8:0a:b5 |
[   12.592006] cloud-init[949]: ci-info: | enp0s3 | True | fe80::20:a7ff:fef8:ab5/64 |       .       |  link  | 02:20:a7:f8:0a:b5 |
[   12.593481] cloud-init[949]: ci-info: |   lo   | True |         127.0.0.1         |   255.0.0.0   |  host  |         .         |
[   12.594714] cloud-init[949]: ci-info: |   lo   | True |          ::1/128          |       .       |  host  |         .         |
         Starting LXD - unix socket.
[   12.599340] cloud-init[949]: ci-info: +--------+------+---------------------------+---------------+--------+-------------------+
[   12.737771] cloud-init[949]: ci-info: +++++++++++++++++++++++++++Route IPv4 info++++++++++++++++++++++++++++
[[0;32m  OK  [0m[   12.755883] cloud-init[949]: ci-info: +-------+-------------+----------+---------------+-----------+-------+
[   12.759659] cloud-init[949]: ci-info: | Route | Destination | Gateway  |    Genmask    | Interface | Flags |
] [   12.760886] Listening on ACPID Listen Socket.cloud-init
[949]: ci-info: +-------+-------------+----------+---------------+-----------+-------+
[   12.761004] cloud-init[949]: ci-info: |   0   |   0.0.0.0   | 10.0.2.2 |    0.0.0.0    |   enp0s3  |   UG  |
[   12.822262] cloud-init[949]: ci-info: |   1   |   10.0.2.0  | 0.0.0.0  | 255.255.255.0 |   enp0s3  |   U   |
[   12.823423] cloud-init[949]: ci-info: +-------+-------------+----------+---------------+-----------+-------+
[   12.823520] cloud-init[[949]: [0;32m  OK  [0mci-info: +++++++++++++++++++Route IPv6 info+++++++++++++++++++] 
Listening on D-Bus System Message Bus Socket.
[   12.823622] cloud-init[949]: ci-info: +-------+-------------+---------+-----------+-------+
[[   13.279791] cloud-init[949]: ci-info: | Route | Destination | Gateway | Interface | Flags |
[   13.296621] cloud-init[949]: ci-info: +-------+-------------+---------+-----------+-------+
[   13.296737] cloud-init[949]: ci-info: |   0   |  fe80::/64  |    ::   |   enp0s3  |   U   |
[   13.296838] cloud-init[949]: ci-info: |   4   |   ff00::/8  |    ::   |   enp0s3  |   U   |
[   13.296937] cloud-init[949]: ci-info: +-------+-------------+---------+-----------+-------+
[0;32m  OK  [0m] Started Daily Cleanup of Temporary Directories.
[[0;32m  OK  [0m] Started Daily apt download activities.
[[0;32m  OK  [0m] Started Daily apt upgrade and clean activities.
[[0;32m  OK  [0m] Reached target Timers.
[[0;32m  OK  [0m] Started ACPI Events Check.
[[0;32m  OK  [0m] Reached target Paths.
         Starting Socket activation for snappy daemon.
[[0;32m  OK  [0m] Listening on LXD - unix socket.
[[0;32m  OK  [0m] Listening on Socket activation for snappy daemon.
[[0;32m  OK  [0m] Started iSCSI initiator daemon (iscsid).
         Starting Login to default iSCSI targets...
[[0;32m  OK  [0m] Reached target Sockets.
[[0;32m  OK  [0m] Reached target Basic System.
[[0;32m  OK  [0m] Started D-Bus System Message Bus.
         Starting Login Service...
[[0;32m  OK  [0m] Started Deferred execution scheduler.
         Starting Virtualbox guest utils...
         Starting LSB: Record successful boot for GRUB...
[[0;32m  OK  [0m] Started FUSE filesystem for LXC.
         Starting Snappy daemon...
         Starting LSB: MD monitoring daemon...
[[0;32m  OK  [0m] Started ACPI event daemon.
         Starting System Logging Service...
[[0;32m  OK  [0m] Started Regular background program processing daemon.
         Starting Accounts Service...
         Starting OpenBSD Secure Shell server...
[[0;32m  OK  [0m] Started Unattended Upgrades Shutdown.
         Starting LXD - container startup/shutdown...
         Starting /etc/rc.local Compatibility...
[[0;32m  OK  [0m] Started System Logging Service.
[[0;32m  OK  [0m] Started /etc/rc.local Compatibility.
[[0;32m  OK  [0m] Started Login to default iSCSI targets.
[[0;32m  OK  [0m] Started OpenBSD Secure Shell server.
[[0;32m  OK  [0m] Started LSB: Record successful boot for GRUB.
[[0;32m  OK  [0m] Started Virtualbox guest utils.
[[0;32m  OK  [0m] Started LSB: MD monitoring daemon.
[[0;32m  OK  [0m] Started LXD - container startup/shutdown.
[[0;32m  OK  [0m] Started Snappy daemon.
[[0;32m  OK  [0m] Started Login Service.
         Starting Authenticate and Authorize Users to Run Privileged Tasks...
         Starting Wait until snapd is fully seeded...
[[0;32m  OK  [0m] Reached target Remote File Systems (Pre).
[[0;32m  OK  [0m] Reached target Remote File Systems.
         Starting LSB: automatic crash report generation...
         Starting LSB: daemon to balance interrupts for SMP systems...
         Starting LSB: Set the CPU Frequency Scaling governor to "ondemand"...
         Starting Permit User Sessions...
[[0;32m  OK  [0m] Started Wait until snapd is fully seeded.
[[0;32m  OK  [0m] Started Permit User Sessions.
[[0;32m  OK  [0m] Started Authenticate and Authorize Users to Run Privileged Tasks.
[[0;32m  OK  [0m] Started Accounts Service.
         Starting Terminate Plymouth Boot Screen...
         Starting Hold until boot process finishes up...
         Starting Apply the settings specified in cloud-config...
[[0;32m  OK  [0m] Started LSB: automatic crash report generation.
[[0;32m  OK  [0m] Started LSB: daemon to balance interrupts for SMP systems.
[[0;32m  OK  [0m] Started LSB: Set the CPU Frequency Scaling governor to "ondemand".
[[0;32m  OK  [0m] Started Terminate Plymouth Boot Screen.
[[0;32m  OK  [0m] Started Hold until boot process finishes up.
[[0;32m  OK  [0m] Started Serial Getty on ttyS0.
[[0;32m  OK  [0m] Started Getty on tty1.
[[0;32m  OK  [0m] Reached target Login Prompts.
         Starting Set console scheme...
[[0;32m  OK  [0m] Reached target Multi-User System.
[[0;32m  OK  [0m] Reached target Graphical Interface.
         Starting Update UTMP about System Runlevel Changes...
[[0;32m  OK  [0m] Started Set console scheme.
[[0;32m  OK  [0m] Started Update UTMP about System Runlevel Changes.
[[0;32m  OK  [0m] Created slice User Slice of vagrant.
         Starting User Manager for UID 1000...
[[0;32m  OK  [0m] Started Session 1 of user vagrant.
[[0;32m  OK  [0m] Started User Manager for UID 1000.
[   16.774739] cloud-init[1184]: Cloud-init v. 18.4-0ubuntu1~16.04.2 running 'modules:config' at Thu, 01 Nov 2018 05:54:50 +0000. Up 16.42 seconds.
[[0;32m  OK  [0m] Started Apply the settings specified in cloud-config.
         Starting Execute cloud user/final scripts...
[   17.519063] cloud-init[1272]: Cloud-init v. 18.4-0ubuntu1~16.04.2 running 'modules:final' at Thu, 01 Nov 2018 05:54:51 +0000. Up 17.38 seconds.
[   17.575014] cloud-init[1272]: Cloud-init v. 18.4-0ubuntu1~16.04.2 finished at Thu, 01 Nov 2018 05:54:51 +0000. Datasource DataSourceNoCloud [seed=/dev/sdb][dsmode=net].  Up 17.51 seconds
[[0;32m  OK  [0m] Started Execute cloud user/final scripts.
[[0;32m  OK  [0m] Reached target Cloud-init target.

Ubuntu 16.04.5 LTS ubuntu-xenial ttyS0

ubuntu-xenial login: 